New log file opened at Sat Oct 24 16:06:21 PDT 2015 by 72284@LM-BLR-00668778
Sending msg to client activator-98cd41c6-117e-48b2-a808-28676bc39d12: DetachedLogEvent(LogMessage(debug,sbt client logs are in: /Users/kthethi/Documents/betterServer/service/.sbtserver/connections/activator-98cd41c6-117e-48b2-a808-28676bc39d12.log))
Sending msg to client activator-98cd41c6-117e-48b2-a808-28676bc39d12: DetachedLogEvent(LogMessage(debug,sbt server socket logs are in: /Users/kthethi/Documents/betterServer/service/.sbtserver/connections/master.log))
Reading next message from client.
Sending msg to client activator-98cd41c6-117e-48b2-a808-28676bc39d12: DetachedLogEvent(LogMessage(debug,sbt general server logs are in: /Users/kthethi/Documents/betterServer/service/.sbtserver/master.log))
Got request: ListenToEvents()
Reading next message from client.
Got request: ListenToBuildChange()
Reading next message from client.
Sending msg to client activator-98cd41c6-117e-48b2-a808-28676bc39d12: DetachedLogEvent(LogMessage(debug,> --initialize))
Got request: SendSyntheticBuildChanged()
Reading next message from client.
Got request: KeyLookupRequest(discoveredMainClasses)
Reading next message from client.
Got request: KeyLookupRequest(mainClass)
Reading next message from client.
Sending msg to client activator-98cd41c6-117e-48b2-a808-28676bc39d12: (3,ReceivedResponse())
Sending msg to client activator-98cd41c6-117e-48b2-a808-28676bc39d12: DetachedLogEvent(LogMessage(debug,> initialize))
Sending msg to client activator-98cd41c6-117e-48b2-a808-28676bc39d12: DetachedLogEvent(LogMessage(debug,> onFailure load-failed))
Sending msg to client activator-98cd41c6-117e-48b2-a808-28676bc39d12: DetachedLogEvent(LogMessage(debug,> boot))
Sending msg to client activator-98cd41c6-117e-48b2-a808-28676bc39d12: DetachedLogEvent(LogMessage(debug,> reload))
Sending msg to client activator-98cd41c6-117e-48b2-a808-28676bc39d12: DetachedLogEvent(LogMessage(debug,[Loading] Scanning directory /Users/kthethi/Documents/betterServer/service/project))
Sending msg to client activator-98cd41c6-117e-48b2-a808-28676bc39d12: DetachedLogEvent(LogMessage(debug,[Loading] Found non-root projects ))
Sending msg to client activator-98cd41c6-117e-48b2-a808-28676bc39d12: DetachedLogEvent(LogMessage(debug,[Loading] Done in /Users/kthethi/Documents/betterServer/service/project, returning: ()))
Sending msg to client activator-98cd41c6-117e-48b2-a808-28676bc39d12: DetachedLogEvent(LogMessage(debug,deducing auto plugins based on known facts Set(Atom(sbt.plugins.CorePlugin)) and clauses Clauses(List(Clause(Atom(sbt.plugins.JvmPlugin),Set(Atom(sbt.plugins.IvyPlugin))), Clause(Atom(sbt.plugins.JUnitXmlReportPlugin),Set(Atom(sbt.plugins.JvmPlugin))), Clause(Atom(sbt.plugins.CorePlugin),Set(Atom(sbt.plugins.IvyPlugin))), Clause(Atom(sbt.plugins.IvyPlugin),Set(Atom(sbt.plugins.JvmPlugin))), Clause(Atom(sbt.plugins.JvmPlugin),Set(Atom(sbt.plugins.JUnitXmlReportPlugin)))))))
Sending msg to client activator-98cd41c6-117e-48b2-a808-28676bc39d12: DetachedLogEvent(LogMessage(debug,  :: deduced result: Matched(sbt.plugins.CorePlugin,sbt.plugins.IvyPlugin,sbt.plugins.JvmPlugin,sbt.plugins.JUnitXmlReportPlugin)))
Sending msg to client activator-98cd41c6-117e-48b2-a808-28676bc39d12: DetachedLogEvent(LogMessage(debug,sorting: ns: List(sbt.plugins.CorePlugin, sbt.plugins.IvyPlugin, sbt.plugins.JvmPlugin, sbt.plugins.JUnitXmlReportPlugin)))
Sending msg to client activator-98cd41c6-117e-48b2-a808-28676bc39d12: DetachedLogEvent(LogMessage(debug,  :: sorting:: found: List(sbt.plugins.CorePlugin) not found List(sbt.plugins.IvyPlugin, sbt.plugins.JvmPlugin, sbt.plugins.JUnitXmlReportPlugin)))
Sending msg to client activator-98cd41c6-117e-48b2-a808-28676bc39d12: DetachedLogEvent(LogMessage(debug,  :: sorting:: found: List(sbt.plugins.CorePlugin, sbt.plugins.IvyPlugin) not found List(sbt.plugins.JvmPlugin, sbt.plugins.JUnitXmlReportPlugin)))
Sending msg to client activator-98cd41c6-117e-48b2-a808-28676bc39d12: DetachedLogEvent(LogMessage(debug,  :: sorting:: found: List(sbt.plugins.CorePlugin, sbt.plugins.IvyPlugin, sbt.plugins.JvmPlugin) not found List(sbt.plugins.JUnitXmlReportPlugin)))
Sending msg to client activator-98cd41c6-117e-48b2-a808-28676bc39d12: DetachedLogEvent(LogMessage(debug,  :: sorting:: found: List(sbt.plugins.CorePlugin, sbt.plugins.IvyPlugin, sbt.plugins.JvmPlugin, sbt.plugins.JUnitXmlReportPlugin) not found List()))
Sending msg to client activator-98cd41c6-117e-48b2-a808-28676bc39d12: DetachedLogEvent(LogMessage(debug,  :: sorted deduced result: List(sbt.plugins.CorePlugin, sbt.plugins.IvyPlugin, sbt.plugins.JvmPlugin, sbt.plugins.JUnitXmlReportPlugin)))
Sending msg to client activator-98cd41c6-117e-48b2-a808-28676bc39d12: DetachedLogEvent(LogMessage(debug,[Loading] Done in /Users/kthethi/Documents/betterServer/service/project, returning: (service-build)))
Sending msg to client activator-98cd41c6-117e-48b2-a808-28676bc39d12: DetachedLogEvent(LogMessage(info,Loading project definition from /Users/kthethi/Documents/betterServer/service/project))
Sending msg to client activator-98cd41c6-117e-48b2-a808-28676bc39d12: DetachedLogEvent(LogMessage(debug,Running task... Cancel: sbt.TaskCancellationStrategy$Null$@5267ecd7, check cycles: false))
Sending msg to client activator-98cd41c6-117e-48b2-a808-28676bc39d12: DetachedLogEvent(LogMessage(debug,
Initial source changes: 
	removed:Set()
	added: Set()
	modified: Set()
Removed products: Set()
External API changes: API Changes: Set()
Modified binary dependencies: Set()
Initial directly invalidated sources: Set()

Sources indirectly invalidated by:
	product: Set()
	binary dep: Set()
	external source: Set()))
Sending msg to client activator-98cd41c6-117e-48b2-a808-28676bc39d12: DetachedLogEvent(LogMessage(debug,All initially invalidated sources: Set()
))
Sending msg to client activator-98cd41c6-117e-48b2-a808-28676bc39d12: DetachedLogEvent(LogMessage(debug,Copy resource mappings: 
	))
Sending msg to client activator-98cd41c6-117e-48b2-a808-28676bc39d12: DetachedLogEvent(LogMessage(debug,[Loading] Scanning directory /Users/kthethi/Documents/betterServer/service))
Sending msg to client activator-98cd41c6-117e-48b2-a808-28676bc39d12: DetachedLogEvent(LogStdErr(/Users/kthethi/Documents/betterServer/service/build.sbt:26: error: reference to fork is ambiguous;))
Sending msg to client activator-98cd41c6-117e-48b2-a808-28676bc39d12: DetachedLogEvent(LogStdErr(it is imported twice in the same scope by))
Sending msg to client activator-98cd41c6-117e-48b2-a808-28676bc39d12: DetachedLogEvent(LogStdErr(import _root_.play.Project._))
Sending msg to client activator-98cd41c6-117e-48b2-a808-28676bc39d12: DetachedLogEvent(LogStdErr(and import Keys._))
Sending msg to client activator-98cd41c6-117e-48b2-a808-28676bc39d12: DetachedLogEvent(LogStdErr(fork in run := true))
Sending msg to client activator-98cd41c6-117e-48b2-a808-28676bc39d12: DetachedLogEvent(LogStdErr(^))
Sending msg to client activator-98cd41c6-117e-48b2-a808-28676bc39d12: DetachedLogEvent(LogMessage(error,Type error in expression))
Sending msg to client activator-98cd41c6-117e-48b2-a808-28676bc39d12: DetachedLogEvent(LogMessage(debug,> load-failed))
Sending msg to client activator-98cd41c6-117e-48b2-a808-28676bc39d12: DetachedLogEvent(LogMessage(error,Failed to load project.))
Sending msg to client activator-98cd41c6-117e-48b2-a808-28676bc39d12: BuildFailedToLoad()
Sending msg to client activator-98cd41c6-117e-48b2-a808-28676bc39d12: DetachedLogEvent(LogMessage(debug,> server-wait-for-reboot))
